<?xml version="1.0" encoding="UTF-8"?>
<testng-results ignored="0" total="3" passed="3" failed="0" skipped="0">
  <reporter-output>
  </reporter-output>
  <suite started-at="2024-08-09T10:03:23 IST" name="Default suite" finished-at="2024-08-09T10:03:54 IST" duration-ms="31336">
    <groups>
    </groups>
    <test started-at="2024-08-09T10:03:23 IST" name="Default test" finished-at="2024-08-09T10:03:54 IST" duration-ms="31336">
      <class name="com.bigbasket.BigBasket">
        <test-method signature="browser_launch()[pri:1, instance:com.bigbasket.BigBasket@1c5920df]" started-at="2024-08-09T10:03:23 IST" name="browser_launch" finished-at="2024-08-09T10:03:32 IST" duration-ms="8545" status="PASS">
          <reporter-output>
          </reporter-output>
        </test-method> <!-- browser_launch -->
        <test-method signature="search_product()[pri:2, instance:com.bigbasket.BigBasket@1c5920df]" started-at="2024-08-09T10:03:32 IST" name="search_product" finished-at="2024-08-09T10:03:36 IST" duration-ms="4456" status="PASS">
          <reporter-output>
          </reporter-output>
        </test-method> <!-- search_product -->
        <test-method signature="close()[pri:3, instance:com.bigbasket.BigBasket@1c5920df]" started-at="2024-08-09T10:03:36 IST" name="close" finished-at="2024-08-09T10:03:54 IST" duration-ms="18221" status="PASS">
          <reporter-output>
          </reporter-output>
        </test-method> <!-- close -->
      </class> <!-- com.bigbasket.BigBasket -->
    </test> <!-- Default test -->
  </suite> <!-- Default suite -->
</testng-results>
